2023-08-06 07:55:37.373877 - Initialized conversion of CBT846
2023-08-06 07:55:37.580637 - Received CBT.V505.FILE846.PDS from FILE846.XMI 
2023-08-06 07:55:37.583069 - Found $$$#DATE.txt (text/plain) in CBT.V505.FILE846.PDS, moved to PDS/$$$#DATE
2023-08-06 07:55:37.584050 - Found $$CLIP01.txt (text/plain) in CBT.V505.FILE846.PDS, moved to PDS/$$CLIP01
2023-08-06 07:55:37.585109 - Found $$NOTE01.txt (text/plain) in CBT.V505.FILE846.PDS, moved to PDS/$$NOTE01
2023-08-06 07:55:37.586056 - Found $$NOTE02.txt (text/plain) in CBT.V505.FILE846.PDS, moved to PDS/$$NOTE02
2023-08-06 07:55:37.586970 - Found @FILE846.txt (text/plain) in CBT.V505.FILE846.PDS, moved to PDS/@FILE846
2023-08-06 07:55:37.587853 - Found AWSTAPIN.txt (text/plain) in CBT.V505.FILE846.PDS, moved to PDS/AWSTAPIN
2023-08-06 07:55:37.588730 - Found EOFDISK.jcl (text/plain) in CBT.V505.FILE846.PDS, moved to PDS/EOFDISK
2023-08-06 07:55:37.589612 - Found ONLCLEA$.jcl (text/plain) in CBT.V505.FILE846.PDS, moved to PDS/ONLCLEA$
2023-08-06 07:55:37.590593 - Found ONLCLEA#.txt (text/plain) in CBT.V505.FILE846.PDS, moved to PDS/ONLCLEA#
2023-08-06 07:55:37.591514 - Found ONLCLEA@.jcl (text/plain) in CBT.V505.FILE846.PDS, moved to PDS/ONLCLEA@
2023-08-06 07:55:37.592406 - Found ONLCLEAR.txt (text/plain) in CBT.V505.FILE846.PDS, moved to PDS/ONLCLEAR
2023-08-06 07:55:37.593283 - Found ONLCLI@@.txt (text/plain) in CBT.V505.FILE846.PDS, moved to PDS/ONLCLI@@
2023-08-06 07:55:37.594204 - Found ONLCLIJ1.jcl (text/plain) in CBT.V505.FILE846.PDS, moved to PDS/ONLCLIJ1
2023-08-06 07:55:37.595086 - Found ONLCLIJ2.jcl (text/plain) in CBT.V505.FILE846.PDS, moved to PDS/ONLCLIJ2
2023-08-06 07:55:37.596137 - Found ONLCLIP.txt (text/plain) in CBT.V505.FILE846.PDS, moved to PDS/ONLCLIP
2023-08-06 07:55:37.597038 - Found ONLCLIP$.jcl (text/plain) in CBT.V505.FILE846.PDS, moved to PDS/ONLCLIP$
2023-08-06 07:55:37.598110 - Found ONLCLI00.txt (text/plain) in CBT.V505.FILE846.PDS, moved to PDS/ONLCLI00
2023-08-06 07:55:37.599075 - Found TRK0INI$.jcl (text/plain) in CBT.V505.FILE846.PDS, moved to PDS/TRK0INI$
2023-08-06 07:55:37.600036 - Found TRK0INIJ.jcl (text/plain) in CBT.V505.FILE846.PDS, moved to PDS/TRK0INIJ
2023-08-06 07:55:37.600951 - Found TRK0INIT.txt (text/plain) in CBT.V505.FILE846.PDS, moved to PDS/TRK0INIT
2023-08-06 07:55:37.602067 - Found TRK0SAV$.jcl (text/plain) in CBT.V505.FILE846.PDS, moved to PDS/TRK0SAV$
2023-08-06 07:55:37.602990 - Found TRK0SAVE.jcl (text/plain) in CBT.V505.FILE846.PDS, moved to PDS/TRK0SAVE
2023-08-06 07:55:37.603894 - Found TRK0SAVJ.jcl (text/plain) in CBT.V505.FILE846.PDS, moved to PDS/TRK0SAVJ
2023-08-06 07:55:37.604865 - Found TRK0UPD.jcl (text/plain) in CBT.V505.FILE846.PDS, moved to PDS/TRK0UPD
2023-08-06 07:55:37.605824 - Found TRK0UPD$.jcl (text/plain) in CBT.V505.FILE846.PDS, moved to PDS/TRK0UPD$
2023-08-06 07:55:37.606760 - Found TRK0UPDJ.jcl (text/plain) in CBT.V505.FILE846.PDS, moved to PDS/TRK0UPDJ
2023-08-06 07:55:37.607774 - Found TR02ABS.txt (text/plain) in CBT.V505.FILE846.PDS, moved to PDS/TR02ABS
2023-08-06 07:55:37.608713 - Found TR02ABS$.jcl (text/plain) in CBT.V505.FILE846.PDS, moved to PDS/TR02ABS$
2023-08-06 07:55:37.609586 - Found TR02ABSJ.jcl (text/plain) in CBT.V505.FILE846.PDS, moved to PDS/TR02ABSJ
